<?xml version="1.0" encoding="UTF-8"?>
<!-- Generated by org.testng.reporters.JUnitReportReporter -->
<testsuite hostname="DESKTOP-6CADOGS" failures="0" tests="1" name="com.test.SmokeTest" time="9.834" errors="0" timestamp="2022-04-29T21:20:10 MST" skipped="0">
  <testcase classname="com.test.SmokeTest" name="smoke_Test_Login_Funtion_Positive" time="9.834"/>
  <system-out/>
</testsuite> <!-- com.test.SmokeTest -->
